<?xml version="1.0" encoding="UTF-8"?>
<testsuite xmlns:xsi="http://www.w3.org/2001/XMLSchema-instance" xsi:noNamespaceSchemaLocation="https://maven.apache.org/surefire/maven-surefire-plugin/xsd/surefire-test-report.xsd" name="GetUserOrderTest" time="6.492" tests="2" errors="0" skipped="0" failures="0">
  <properties>
[...]
</properties>
  <testcase name="getNoAuthOrders" classname="GetUserOrderTest" time="2.697"/>
  <testcase name="getAuthOrders" classname="GetUserOrderTest" time="3.652"/>
</testsuite>